# JRE version: OpenJDK Runtime Environment Corretto-19.0.2.7.1 (19.0.2+7) (build 19.0.2+7-FR)
# Java VM: OpenJDK 64-Bit Server VM Corretto-19.0.2.7.1 (19.0.2+7-FR, mixed mode, sharing, tiered, compressed oops, compressed class ptrs, g1 gc, windows-amd64)
GC Precious Log:
 CardTable entry size: 512
 Card Set container configuration: InlinePtr #cards 4 size 8 Array Of Cards #cards 16 size 48 Howl #buckets 8 coarsen threshold 3686 Howl Bitmap #cards 512 size 80 coarsen threshold 460 Card regions per heap region 1 cards per card region 4096
 CPUs: 8 total, 8 available
 Memory: 15205M
 Large Page Support: Disabled
 NUMA Support: Disabled
 Compressed Oops: Enabled (Zero based)
 Heap Region Size: 2M
 Heap Min Capacity: 8M
 Heap Initial Capacity: 238M
 Heap Max Capacity: 3802M
 Pre-touch: Disabled
 Parallel Workers: 8
 Concurrent Workers: 2
 Concurrent Refinement Workers: 8
 Periodic GC: Disabled
Heap:
 garbage-first heap   total 63488K, used 37089K [0x0000000712600000, 0x0000000800000000)
  region size 2048K, 16 young (32768K), 4 survivors (8192K)
 Metaspace       used 25794K, committed 26048K, reserved 1114112K
  class space    used 2429K, committed 2560K, reserved 1048576K
GC Heap History (8 events):
Event: 0.944 GC heap before
{Heap before GC invocations=0 (full 0):
 garbage-first heap   total 243712K, used 20480K [0x0000000712600000, 0x0000000800000000)
  region size 2048K, 11 young (22528K), 0 survivors (0K)
 Metaspace       used 8332K, committed 8512K, reserved 1114112K
  class space    used 707K, committed 768K, reserved 1048576K
}
Event: 0.948 GC heap after
{Heap after GC invocations=1 (full 0):
 garbage-first heap   total 243712K, used 3263K [0x0000000712600000, 0x0000000800000000)
  region size 2048K, 2 young (4096K), 2 survivors (4096K)
 Metaspace       used 8332K, committed 8512K, reserved 1114112K
  class space    used 707K, committed 768K, reserved 1048576K
}
Event: 18.309 GC heap before
{Heap before GC invocations=1 (full 0):
 garbage-first heap   total 243712K, used 42175K [0x0000000712600000, 0x0000000800000000)
  region size 2048K, 18 young (36864K), 2 survivors (4096K)
 Metaspace       used 20553K, committed 20736K, reserved 1114112K
  class space    used 2074K, committed 2176K, reserved 1048576K
}
Event: 18.316 GC heap after
{Heap after GC invocations=2 (full 0):
 garbage-first heap   total 243712K, used 12800K [0x0000000712600000, 0x0000000800000000)
  region size 2048K, 3 young (6144K), 3 survivors (6144K)
 Metaspace       used 20553K, committed 20736K, reserved 1114112K
  class space    used 2074K, committed 2176K, reserved 1048576K
}
Event: 18.733 GC heap before
{Heap before GC invocations=2 (full 0):
 garbage-first heap   total 243712K, used 16896K [0x0000000712600000, 0x0000000800000000)
  region size 2048K, 6 young (12288K), 3 survivors (6144K)
 Metaspace       used 21306K, committed 21504K, reserved 1114112K
  class space    used 2146K, committed 2240K, reserved 1048576K
}
Event: 18.739 GC heap after
{Heap after GC invocations=3 (full 0):
 garbage-first heap   total 243712K, used 12986K [0x0000000712600000, 0x0000000800000000)
  region size 2048K, 3 young (6144K), 3 survivors (6144K)
 Metaspace       used 21306K, committed 21504K, reserved 1114112K
  class space    used 2146K, committed 2240K, reserved 1048576K
}
Event: 36.329 GC heap before
{Heap before GC invocations=4 (full 0):
 garbage-first heap   total 55296K, used 53946K [0x0000000712600000, 0x0000000800000000)
  region size 2048K, 23 young (47104K), 3 survivors (6144K)
 Metaspace       used 25660K, committed 25920K, reserved 1114112K
  class space    used 2425K, committed 2560K, reserved 1048576K
}
Event: 36.339 GC heap after
{Heap after GC invocations=5 (full 0):
 garbage-first heap   total 63488K, used 14561K [0x0000000712600000, 0x0000000800000000)
  region size 2048K, 4 young (8192K), 4 survivors (8192K)
 Metaspace       used 25660K, committed 25920K, reserved 1114112K
  class space    used 2425K, committed 2560K, reserved 1048576K
}

